# JRE version: Java(TM) SE Runtime Environment (8.0_101-b13) (build 1.8.0_101-b13)
# Java VM: Java HotSpot(TM) 64-Bit Server VM (25.101-b13 mixed mode windows-amd64 compressed oops)
Heap:
 PSYoungGen      total 245760K, used 112191K [0x00000000d6c00000, 0x00000000e7400000, 0x0000000100000000)
  eden space 231936K, 46% used [0x00000000d6c00000,0x00000000dd552a08,0x00000000e4e80000)
  from space 13824K, 31% used [0x00000000e5b80000,0x00000000e5fbd518,0x00000000e6900000)
  to   space 13312K, 0% used [0x00000000e4e80000,0x00000000e4e80000,0x00000000e5b80000)
 ParOldGen       total 59904K, used 12645K [0x0000000084400000, 0x0000000087e80000, 0x00000000d6c00000)
  object space 59904K, 21% used [0x0000000084400000,0x00000000850596a0,0x0000000087e80000)
 Metaspace       used 30648K, capacity 31578K, committed 31744K, reserved 1077248K
  class space    used 3801K, capacity 4006K, committed 4096K, reserved 1048576K
GC Heap History (10 events):
Event: 5.787 GC heap before
{Heap before GC invocations=5 (full 0):
 PSYoungGen      total 68608K, used 68242K [0x00000000d6c00000, 0x00000000db400000, 0x0000000100000000)
  eden space 63488K, 100% used [0x00000000d6c00000,0x00000000daa00000,0x00000000daa00000)
  from space 5120K, 92% used [0x00000000daf00000,0x00000000db3a48e8,0x00000000db400000)
  to   space 5120K, 0% used [0x00000000daa00000,0x00000000daa00000,0x00000000daf00000)
 ParOldGen       total 84992K, used 14615K [0x0000000084400000, 0x0000000089700000, 0x00000000d6c00000)
  object space 84992K, 17% used [0x0000000084400000,0x0000000085245f38,0x0000000089700000)
 Metaspace       used 15227K, capacity 15500K, committed 15744K, reserved 1062912K
  class space    used 1796K, capacity 1877K, committed 1920K, reserved 1048576K
Event: 5.791 GC heap after
Heap after GC invocations=5 (full 0):
 PSYoungGen      total 68608K, used 5104K [0x00000000d6c00000, 0x00000000e0600000, 0x0000000100000000)
  eden space 63488K, 0% used [0x00000000d6c00000,0x00000000d6c00000,0x00000000daa00000)
  from space 5120K, 99% used [0x00000000daa00000,0x00000000daefc0f0,0x00000000daf00000)
  to   space 15360K, 0% used [0x00000000df700000,0x00000000df700000,0x00000000e0600000)
 ParOldGen       total 84992K, used 17103K [0x0000000084400000, 0x0000000089700000, 0x00000000d6c00000)
  object space 84992K, 20% used [0x0000000084400000,0x00000000854b3d30,0x0000000089700000)
 Metaspace       used 15227K, capacity 15500K, committed 15744K, reserved 1062912K
  class space    used 1796K, capacity 1877K, committed 1920K, reserved 1048576K
}
Event: 8.100 GC heap before
{Heap before GC invocations=6 (full 0):
 PSYoungGen      total 68608K, used 48184K [0x00000000d6c00000, 0x00000000e0600000, 0x0000000100000000)
  eden space 63488K, 67% used [0x00000000d6c00000,0x00000000d9612150,0x00000000daa00000)
  from space 5120K, 99% used [0x00000000daa00000,0x00000000daefc0f0,0x00000000daf00000)
  to   space 15360K, 0% used [0x00000000df700000,0x00000000df700000,0x00000000e0600000)
 ParOldGen       total 84992K, used 17103K [0x0000000084400000, 0x0000000089700000, 0x00000000d6c00000)
  object space 84992K, 20% used [0x0000000084400000,0x00000000854b3d30,0x0000000089700000)
 Metaspace       used 20781K, capacity 21254K, committed 21296K, reserved 1069056K
  class space    used 2545K, capacity 2686K, committed 2688K, reserved 1048576K
Event: 8.106 GC heap after
Heap after GC invocations=6 (full 0):
 PSYoungGen      total 139264K, used 7340K [0x00000000d6c00000, 0x00000000e0300000, 0x0000000100000000)
  eden space 126976K, 0% used [0x00000000d6c00000,0x00000000d6c00000,0x00000000de800000)
  from space 12288K, 59% used [0x00000000df700000,0x00000000dfe2b340,0x00000000e0300000)
  to   space 13824K, 0% used [0x00000000de800000,0x00000000de800000,0x00000000df580000)
 ParOldGen       total 84992K, used 17111K [0x0000000084400000, 0x0000000089700000, 0x00000000d6c00000)
  object space 84992K, 20% used [0x0000000084400000,0x00000000854b5d30,0x0000000089700000)
 Metaspace       used 20781K, capacity 21254K, committed 21296K, reserved 1069056K
  class space    used 2545K, capacity 2686K, committed 2688K, reserved 1048576K
}
Event: 8.106 GC heap before
{Heap before GC invocations=7 (full 1):
 PSYoungGen      total 139264K, used 7340K [0x00000000d6c00000, 0x00000000e0300000, 0x0000000100000000)
  eden space 126976K, 0% used [0x00000000d6c00000,0x00000000d6c00000,0x00000000de800000)
  from space 12288K, 59% used [0x00000000df700000,0x00000000dfe2b340,0x00000000e0300000)
  to   space 13824K, 0% used [0x00000000de800000,0x00000000de800000,0x00000000df580000)
 ParOldGen       total 84992K, used 17111K [0x0000000084400000, 0x0000000089700000, 0x00000000d6c00000)
  object space 84992K, 20% used [0x0000000084400000,0x00000000854b5d30,0x0000000089700000)
 Metaspace       used 20781K, capacity 21254K, committed 21296K, reserved 1069056K
  class space    used 2545K, capacity 2686K, committed 2688K, reserved 1048576K
Event: 8.135 GC heap after
Heap after GC invocations=7 (full 1):
 PSYoungGen      total 139264K, used 0K [0x00000000d6c00000, 0x00000000e0300000, 0x0000000100000000)
  eden space 126976K, 0% used [0x00000000d6c00000,0x00000000d6c00000,0x00000000de800000)
  from space 12288K, 0% used [0x00000000df700000,0x00000000df700000,0x00000000e0300000)
  to   space 13824K, 0% used [0x00000000de800000,0x00000000de800000,0x00000000df580000)
 ParOldGen       total 59904K, used 12621K [0x0000000084400000, 0x0000000087e80000, 0x00000000d6c00000)
  object space 59904K, 21% used [0x0000000084400000,0x00000000850536a0,0x0000000087e80000)
 Metaspace       used 20781K, capacity 21254K, committed 21296K, reserved 1069056K
  class space    used 2545K, capacity 2686K, committed 2688K, reserved 1048576K
}
Event: 10.099 GC heap before
{Heap before GC invocations=8 (full 1):
 PSYoungGen      total 139264K, used 126915K [0x00000000d6c00000, 0x00000000e0300000, 0x0000000100000000)
  eden space 126976K, 99% used [0x00000000d6c00000,0x00000000de7f0d58,0x00000000de800000)
  from space 12288K, 0% used [0x00000000df700000,0x00000000df700000,0x00000000e0300000)
  to   space 13824K, 0% used [0x00000000de800000,0x00000000de800000,0x00000000df580000)
 ParOldGen       total 59904K, used 12621K [0x0000000084400000, 0x0000000087e80000, 0x00000000d6c00000)
  object space 59904K, 21% used [0x0000000084400000,0x00000000850536a0,0x0000000087e80000)
 Metaspace       used 28103K, capacity 28834K, committed 29184K, reserved 1075200K
  class space    used 3538K, capacity 3718K, committed 3840K, reserved 1048576K
Event: 10.105 GC heap after
Heap after GC invocations=8 (full 1):
 PSYoungGen      total 140800K, used 5771K [0x00000000d6c00000, 0x00000000e6900000, 0x0000000100000000)
  eden space 126976K, 0% used [0x00000000d6c00000,0x00000000d6c00000,0x00000000de800000)
  from space 13824K, 41% used [0x00000000de800000,0x00000000deda2e20,0x00000000df580000)
  to   space 13824K, 0% used [0x00000000e5b80000,0x00000000e5b80000,0x00000000e6900000)
 ParOldGen       total 59904K, used 12637K [0x0000000084400000, 0x0000000087e80000, 0x00000000d6c00000)
  object space 59904K, 21% used [0x0000000084400000,0x00000000850576a0,0x0000000087e80000)
 Metaspace       used 28103K, capacity 28834K, committed 29184K, reserved 1075200K
  class space    used 3538K, capacity 3718K, committed 3840K, reserved 1048576K
}
Event: 10.132 GC heap before
{Heap before GC invocations=9 (full 1):
 PSYoungGen      total 140800K, used 132638K [0x00000000d6c00000, 0x00000000e6900000, 0x0000000100000000)
  eden space 126976K, 99% used [0x00000000d6c00000,0x00000000de7e4c98,0x00000000de800000)
  from space 13824K, 41% used [0x00000000de800000,0x00000000deda2e20,0x00000000df580000)
  to   space 13824K, 0% used [0x00000000e5b80000,0x00000000e5b80000,0x00000000e6900000)
 ParOldGen       total 59904K, used 12637K [0x0000000084400000, 0x0000000087e80000, 0x00000000d6c00000)
  object space 59904K, 21% used [0x0000000084400000,0x00000000850576a0,0x0000000087e80000)
 Metaspace       used 28118K, capacity 28834K, committed 29184K, reserved 1075200K
  class space    used 3538K, capacity 3718K, committed 3840K, reserved 1048576K
Event: 10.135 GC heap after
Heap after GC invocations=9 (full 1):
 PSYoungGen      total 245760K, used 4341K [0x00000000d6c00000, 0x00000000e7400000, 0x0000000100000000)
  eden space 231936K, 0% used [0x00000000d6c00000,0x00000000d6c00000,0x00000000e4e80000)
  from space 13824K, 31% used [0x00000000e5b80000,0x00000000e5fbd518,0x00000000e6900000)
  to   space 13312K, 0% used [0x00000000e4e80000,0x00000000e4e80000,0x00000000e5b80000)
 ParOldGen       total 59904K, used 12645K [0x0000000084400000, 0x0000000087e80000, 0x00000000d6c00000)
  object space 59904K, 21% used [0x0000000084400000,0x00000000850596a0,0x0000000087e80000)
 Metaspace       used 28118K, capacity 28834K, committed 29184K, reserved 1075200K
  class space    used 3538K, capacity 3718K, committed 3840K, reserved 1048576K
}

